{"C:\\Users\\tzw20\\Documents\\Classes\\CSE 110\\Team Project\\tests\\sum.js": {"path":"C:\\Users\\tzw20\\Documents\\Classes\\CSE 110\\Team Project\\tests\\sum.js","statementMap":{"0":{"start":{"line":3,"column":2},"end":{"line":3,"column":15}},"1":{"start":{"line":5,"column":0},"end":{"line":5,"column":21}}},"fnMap":{"0":{"name":"sum","decl":{"start":{"line":2,"column":9},"end":{"line":2,"column":12}},"loc":{"start":{"line":2,"column":19},"end":{"line":4,"column":1}},"line":2}},"branchMap":{},"s":{"0":1,"1":1},"f":{"0":1},"b":{},"_coverageSchema":"1a1c01bbd47fc00a2c39e90264f33305004495a9","hash":"3f6d1953e38689965e990b3f8838c7e4ea67ed61"}
}
